<?xml version="1.0" encoding="UTF-8"?>
<!-- Generated by org.testng.reporters.JUnitReportReporter -->
<testsuite hostname="Jagan" failures="0" tests="1" name="com.tests.SpinBoxTest" time="17.720" errors="0" timestamp="2025-08-09T17:26:55 IST" skipped="0">
  <testcase classname="com.tests.SpinBoxTest" name="TC_ID_106558" time="17.720"/>
</testsuite> <!-- com.tests.SpinBoxTest -->
