<?xml version="1.0" encoding="UTF-8"?>
<!-- Generated by org.testng.reporters.JUnitReportReporter -->
<testsuite hostname="Jagan" failures="0" tests="2" name="com.tests.HomePageTest" time="4.262" errors="0" timestamp="2025-08-09T14:38:06 IST" skipped="0">
  <testcase classname="com.tests.HomePageTest" name="HomePageTitleTest" time="2.230"/>
  <testcase classname="com.tests.HomePageTest" name="TC_ID_106552" time="2.032"/>
</testsuite> <!-- com.tests.HomePageTest -->
