<?xml version="1.0" encoding="UTF-8"?>
<!-- Generated by org.testng.reporters.JUnitReportReporter -->
<testsuite hostname="Jagan" failures="0" tests="2" name="com.utilities.CaptureExpectedScreeshots" time="31.772" errors="0" timestamp="2025-08-10T21:58:24 IST" skipped="0">
  <testcase classname="com.utilities.CaptureExpectedScreeshots" name="SpinBoxLayouts" time="12.787"/>
  <testcase classname="com.utilities.CaptureExpectedScreeshots" name="TumblerOrientation" time="18.985"/>
</testsuite> <!-- com.utilities.CaptureExpectedScreeshots -->
