<?xml version="1.0" encoding="UTF-8"?>
<!-- Generated by org.testng.reporters.JUnitReportReporter -->
<testsuite hostname="Jagan" failures="0" tests="1" name="com.base.BaseTest" time="12.517" errors="0" timestamp="2025-08-06T23:22:23 IST" skipped="0">
  <testcase classname="com.base.BaseTest" name="setUp" time="12.517"/>
</testsuite> <!-- com.base.BaseTest -->
