<?xml version="1.0" encoding="UTF-8"?>
<!-- Generated by org.testng.reporters.JUnitReportReporter -->
<testsuite hostname="Jagan" failures="0" tests="1" name="com.tests.SpinBoxTest" time="17.129" errors="0" timestamp="2025-08-10T20:53:34 IST" skipped="0">
  <testcase classname="com.tests.SpinBoxTest" name="TC_ID_106555" time="17.129"/>
</testsuite> <!-- com.tests.SpinBoxTest -->
