<?xml version="1.0" encoding="UTF-8"?>
<!-- Generated by org.testng.reporters.JUnitReportReporter -->
<testsuite hostname="Jagan" failures="0" tests="1" name="com.tests.HomePageTest" time="14.758" errors="0" timestamp="2025-08-10T15:54:23 IST" skipped="0">
  <testcase classname="com.tests.HomePageTest" name="TC_ID_106582" time="14.758"/>
</testsuite> <!-- com.tests.HomePageTest -->
