<?xml version="1.0" encoding="UTF-8"?>
<!-- Generated by org.testng.reporters.JUnitReportReporter -->
<testsuite hostname="Jagan" failures="0" tests="1" name="com.tests.TumblerTest" time="18.124" errors="0" timestamp="2025-08-10T21:59:13 IST" skipped="0">
  <testcase classname="com.tests.TumblerTest" name="TC_ID_106593" time="18.124"/>
</testsuite> <!-- com.tests.TumblerTest -->
