<?xml version="1.0" encoding="UTF-8"?>
<!-- Generated by org.testng.reporters.JUnitReportReporter -->
<testsuite hostname="Jagan" failures="0" tests="1" name="com.tests.HomePageTest" time="0.059" errors="0" timestamp="2025-08-07T09:50:32 IST" skipped="0">
  <testcase classname="com.tests.HomePageTest" name="HomePageTitleTest" time="0.059"/>
</testsuite> <!-- com.tests.HomePageTest -->
