<?xml version="1.0" encoding="UTF-8"?>
<!-- Generated by org.testng.reporters.JUnitReportReporter -->
<testsuite hostname="Jagan" failures="0" tests="14" name="com.tests.ButtonTest" time="53.159" errors="0" timestamp="2025-08-09T14:38:06 IST" skipped="0">
  <testcase classname="com.tests.ButtonTest" name="TC_ID_106548" time="3.091"/>
  <testcase classname="com.tests.ButtonTest" name="TC_ID_106539" time="1.845"/>
  <testcase classname="com.tests.ButtonTest" name="TC_ID_106544" time="4.627"/>
  <testcase classname="com.tests.ButtonTest" name="TC_ID_106538" time="2.542"/>
  <testcase classname="com.tests.ButtonTest" name="TC_ID_106540" time="4.680"/>
  <testcase classname="com.tests.ButtonTest" name="TC_ID_106543" time="4.593"/>
  <testcase classname="com.tests.ButtonTest" name="TC_ID_106542" time="4.932"/>
  <testcase classname="com.tests.ButtonTest" name="TC_ID_106551" time="3.504"/>
  <testcase classname="com.tests.ButtonTest" name="TC_ID_106541" time="3.136"/>
  <testcase classname="com.tests.ButtonTest" name="TC_ID_106549" time="3.541"/>
  <testcase classname="com.tests.ButtonTest" name="TC_ID_106547" time="3.962"/>
  <testcase classname="com.tests.ButtonTest" name="TC_ID_106546" time="3.811"/>
  <testcase classname="com.tests.ButtonTest" name="TC_ID_106545" time="4.735"/>
  <testcase classname="com.tests.ButtonTest" name="TC_ID_106550" time="4.160"/>
</testsuite> <!-- com.tests.ButtonTest -->
