<?xml version="1.0" encoding="UTF-8"?>
<!-- Generated by org.testng.reporters.JUnitReportReporter -->
<testsuite hostname="Jagan" failures="0" tests="1" name="com.utilities.CaptureExpectedScreeshots" time="26.164" errors="0" timestamp="2025-08-09T16:32:05 IST" skipped="0">
  <testcase classname="com.utilities.CaptureExpectedScreeshots" name="SpinBoxLayouts" time="26.164"/>
</testsuite> <!-- com.utilities.CaptureExpectedScreeshots -->
