<?xml version="1.0" encoding="UTF-8"?>
<!-- Generated by org.testng.reporters.JUnitReportReporter -->
<testsuite hostname="Jagan" failures="0" tests="1" name="com.tests.ToggleSwitchTest" time="18.068" errors="0" timestamp="2025-08-10T15:49:45 IST" skipped="0">
  <testcase classname="com.tests.ToggleSwitchTest" name="TC_ID_106580" time="18.068"/>
</testsuite> <!-- com.tests.ToggleSwitchTest -->
