<?xml version="1.0" encoding="UTF-8"?>
<!-- Generated by org.testng.reporters.JUnitReportReporter -->
<testsuite hostname="Jagan" failures="0" tests="1" name="com.tests.HomePageTest" time="15.455" errors="0" timestamp="2025-08-09T14:23:49 IST" skipped="0">
  <testcase classname="com.tests.HomePageTest" name="TC_ID_106552" time="15.455"/>
</testsuite> <!-- com.tests.HomePageTest -->
