<?xml version="1.0" encoding="UTF-8"?>
<!-- Generated by org.testng.reporters.JUnitReportReporter -->
<testsuite hostname="Jagan" failures="0" tests="1" name="com.tests.ButtonTest" time="16.790" errors="0" timestamp="2025-08-09T14:14:44 IST" skipped="0">
  <testcase classname="com.tests.ButtonTest" name="TC_ID_106551" time="16.790"/>
</testsuite> <!-- com.tests.ButtonTest -->
