<?xml version="1.0" encoding="UTF-8"?>
<!-- Generated by org.testng.reporters.JUnitReportReporter -->
<testsuite hostname="Jagan" failures="0" tests="1" name="com.tests.SpinBoxTest" time="15.741" errors="0" timestamp="2025-08-10T00:26:52 IST" skipped="0">
  <testcase classname="com.tests.SpinBoxTest" name="TC_ID_106571" time="15.741"/>
</testsuite> <!-- com.tests.SpinBoxTest -->
