<?xml version="1.0" encoding="UTF-8"?>
<!-- Generated by org.testng.reporters.JUnitReportReporter -->
<testsuite hostname="Jagan" failures="0" tests="1" name="com.tests.HomePageTest" time="0.066" errors="0" timestamp="2025-08-07T10:14:24 IST" skipped="0">
  <testcase classname="com.tests.HomePageTest" name="HomePageTitleTest" time="0.066"/>
</testsuite> <!-- com.tests.HomePageTest -->
